{"uid":"a61c346c0c018afb","name":"test_example_positive","fullName":"Test.Test#test_example_positive","historyId":"b3824310545f9aa143852f46cc97b890","time":{"start":1672853642487,"stop":1672853648518,"duration":6031},"status":"failed","statusMessage":"AssertionError: There is no Success message box element\nassert 0 > 0\n +  where 0 = len([])\n +    where [] = <bound method WebDriver.find_elements of <selenium.webdriver.chrome.webdriver.WebDriver (session=\"229042fa1a7f2bef80d015ae15dd8a8c\")>>('css selector', '.wpcf7-mail-sent-ok')\n +      where <bound method WebDriver.find_elements of <selenium.webdriver.chrome.webdriver.WebDriver (session=\"229042fa1a7f2bef80d015ae15dd8a8c\")>> = <selenium.webdriver.chrome.webdriver.WebDriver (session=\"229042fa1a7f2bef80d015ae15dd8a8c\")>.find_elements\n +        where <selenium.webdriver.chrome.webdriver.WebDriver (session=\"229042fa1a7f2bef80d015ae15dd8a8c\")> = <Test.Test testMethod=test_example_positive>.driver\n +      and   'css selector' = By.CSS_SELECTOR","statusTrace":"self = <Test.Test testMethod=test_example_positive>\n\n    def test_example_positive(self):\n        elem = self.driver.find_element(By.CSS_SELECTOR, \"a[title='Contact']\")\n        elem.click()\n    \n        name = self.driver.find_element(By.CSS_SELECTOR, \"input[name='your-name']\")\n        name.send_keys(\"TEST\")\n        mail = self.driver.find_element(By.CSS_SELECTOR, \"input[name='your-email']\")\n        mail.send_keys(\"TEST@maillll.com\")\n        send = self.driver.find_element(By.CSS_SELECTOR, \"input[value='Send']\")\n        send.click()\n        time.sleep(2)\n>       assert len(self.driver.find_elements(By.CSS_SELECTOR, \".wpcf7-mail-sent-ok\")) > 0, \\\n            \"There is no Success message box element\"\nE       AssertionError: There is no Success message box element\nE       assert 0 > 0\nE        +  where 0 = len([])\nE        +    where [] = <bound method WebDriver.find_elements of <selenium.webdriver.chrome.webdriver.WebDriver (session=\"229042fa1a7f2bef80d015ae15dd8a8c\")>>('css selector', '.wpcf7-mail-sent-ok')\nE        +      where <bound method WebDriver.find_elements of <selenium.webdriver.chrome.webdriver.WebDriver (session=\"229042fa1a7f2bef80d015ae15dd8a8c\")>> = <selenium.webdriver.chrome.webdriver.WebDriver (session=\"229042fa1a7f2bef80d015ae15dd8a8c\")>.find_elements\nE        +        where <selenium.webdriver.chrome.webdriver.WebDriver (session=\"229042fa1a7f2bef80d015ae15dd8a8c\")> = <Test.Test testMethod=test_example_positive>.driver\nE        +      and   'css selector' = By.CSS_SELECTOR\n\nTest.py:36: AssertionError","flaky":false,"newFailed":false,"newBroken":false,"newPassed":false,"retriesCount":0,"retriesStatusChange":false,"beforeStages":[{"name":"_unittest_setUpClass_fixture_Test","time":{"start":1672853614174,"stop":1672853614174,"duration":0},"status":"passed","steps":[],"attachments":[],"parameters":[],"stepsCount":0,"attachmentsCount":0,"shouldDisplayMessage":false,"hasContent":false}],"afterStages":[{"name":"_unittest_setUpClass_fixture_Test::0","time":{"start":1672853648549,"stop":1672853648549,"duration":0},"status":"passed","steps":[],"attachments":[],"parameters":[],"stepsCount":0,"attachmentsCount":0,"shouldDisplayMessage":false,"hasContent":false}],"labels":[{"name":"suite","value":"Test"},{"name":"subSuite","value":"Test"},{"name":"host","value":"fv-az309-838"},{"name":"thread","value":"2794-MainThread"},{"name":"framework","value":"pytest"},{"name":"language","value":"cpython3"},{"name":"package","value":"Test"},{"name":"resultFormat","value":"allure2"}],"parameters":[],"links":[],"hidden":false,"retry":false,"extra":{"severity":"normal","retries":[],"categories":[{"name":"Product defects","matchedStatuses":[],"flaky":false}],"history":{"statistic":{"failed":2,"broken":0,"skipped":0,"passed":0,"unknown":0,"total":2},"items":[{"uid":"120f924a9d334acb","reportUrl":"https://GrzegorzWitek.github.io/BasicPySe/8//#testresult/120f924a9d334acb","status":"failed","statusDetails":"AssertionError: There is no Success message box element\nassert 0 > 0\n +  where 0 = len([])\n +    where [] = <bound method WebDriver.find_elements of <selenium.webdriver.chrome.webdriver.WebDriver (session=\"e0c6bcb06c594c93cfe6d16de2a39650\")>>('css selector', '.wpcf7-mail-sent-ok')\n +      where <bound method WebDriver.find_elements of <selenium.webdriver.chrome.webdriver.WebDriver (session=\"e0c6bcb06c594c93cfe6d16de2a39650\")>> = <selenium.webdriver.chrome.webdriver.WebDriver (session=\"e0c6bcb06c594c93cfe6d16de2a39650\")>.find_elements\n +        where <selenium.webdriver.chrome.webdriver.WebDriver (session=\"e0c6bcb06c594c93cfe6d16de2a39650\")> = <Test.Test testMethod=test_example_positive>.driver\n +      and   'css selector' = By.CSS_SELECTOR","time":{"start":1672816557185,"stop":1672816564108,"duration":6923}}]},"tags":[]},"source":"a61c346c0c018afb.json","parameterValues":[]}